{"synthetic": false,
 "schemaVersion": "2025-09-10",
 "outputs":
 {"o": ["ea2345a633dcf0d5.olean"],
  "m": false,
  "i": "0202bb68adb090de.ilean",
  "c": "655f9f27d934d990.c"},
 "log":
 [{"message":
   ".> LEAN_PATH=/Users/zeyu/Desktop/Courses/DSC190-291-Topics-in-Learning-Theroy/Project/.lake/packages/Cli/.lake/build/lib/lean:/Users/zeyu/Desktop/Courses/DSC190-291-Topics-in-Learning-Theroy/Project/.lake/packages/batteries/.lake/build/lib/lean:/Users/zeyu/Desktop/Courses/DSC190-291-Topics-in-Learning-Theroy/Project/.lake/packages/Qq/.lake/build/lib/lean:/Users/zeyu/Desktop/Courses/DSC190-291-Topics-in-Learning-Theroy/Project/.lake/packages/aesop/.lake/build/lib/lean:/Users/zeyu/Desktop/Courses/DSC190-291-Topics-in-Learning-Theroy/Project/.lake/packages/proofwidgets/.lake/build/lib/lean:/Users/zeyu/Desktop/Courses/DSC190-291-Topics-in-Learning-Theroy/Project/.lake/packages/importGraph/.lake/build/lib/lean:/Users/zeyu/Desktop/Courses/DSC190-291-Topics-in-Learning-Theroy/Project/.lake/packages/LeanSearchClient/.lake/build/lib/lean:/Users/zeyu/Desktop/Courses/DSC190-291-Topics-in-Learning-Theroy/Project/.lake/packages/plausible/.lake/build/lib/lean:/Users/zeyu/Desktop/Courses/DSC190-291-Topics-in-Learning-Theroy/Project/.lake/packages/mathlib/.lake/build/lib/lean:/Users/zeyu/Desktop/Courses/DSC190-291-Topics-in-Learning-Theroy/Project/.lake/build/lib/lean /Users/zeyu/.elan/toolchains/leanprover--lean4---v4.30.0/bin/lean /Users/zeyu/Desktop/Courses/DSC190-291-Topics-in-Learning-Theroy/Project/Project/SauerShelah.lean -o /Users/zeyu/Desktop/Courses/DSC190-291-Topics-in-Learning-Theroy/Project/.lake/build/lib/lean/Project/SauerShelah.olean -i /Users/zeyu/Desktop/Courses/DSC190-291-Topics-in-Learning-Theroy/Project/.lake/build/lib/lean/Project/SauerShelah.ilean -c /Users/zeyu/Desktop/Courses/DSC190-291-Topics-in-Learning-Theroy/Project/.lake/build/ir/Project/SauerShelah.c --setup /Users/zeyu/Desktop/Courses/DSC190-291-Topics-in-Learning-Theroy/Project/.lake/build/ir/Project/SauerShelah.setup.json --json",
   "level": "trace"},
  {"message":
   "Project/SauerShelah.lean:237:0: 'SauerShelah.card_le_sum_choose' depends on axioms: [propext, Classical.choice, Quot.sound]",
   "level": "info"}],
 "inputs":
 [["Project.SauerShelah:deps",
   [["deps",
     [["Project/Project:extraDep", [["@Project:extraDep", "00000000000006bb"]]],
      ["imports",
       [["Mathlib.Data.Finset.Powerset transitive imports (legacy)",
         "12885a12b00f9475"],
        ["Mathlib.Data.Finset.Powerset:importAllArts", "1ff224e8c59a0ef8"],
        ["Mathlib.Data.Fintype.Powerset transitive imports (legacy)",
         "2458712b348103cb"],
        ["Mathlib.Data.Fintype.Powerset:importAllArts", "7e8a6b22f7970f08"],
        ["Mathlib.Order.Interval.Finset.Nat transitive imports (legacy)",
         "c14478cedb3a2918"],
        ["Mathlib.Order.Interval.Finset.Nat:importAllArts", "93ace277f11848da"],
        ["Mathlib.Algebra.BigOperators.Group.Finset.Basic transitive imports (legacy)",
         "6dc057b53ddb7fa8"],
        ["Mathlib.Algebra.BigOperators.Group.Finset.Basic:importAllArts",
         "f4be5ebbd1e77ebf"]]]]],
    ["libs",
     [["import dynlibs", "00000000000006bb"],
      ["package external libraries", "00000000000006bb"],
      ["module dynlibs", "00000000000006bb"],
      ["module plugins", "00000000000006bb"]]]]],
  ["Lean 4.30.0, commit d024af099ca4bf2c86f649261ebf59565dc8c622",
   "2f4703bb19086252"],
  ["/Users/zeyu/Desktop/Courses/DSC190-291-Topics-in-Learning-Theroy/Project/Project/SauerShelah.lean",
   "34e0a3f1407acbb3"],
  ["options", "00000000000006bb"],
  ["isModule: false", "feefd2a0d3a1847e"],
  ["Module.name: Project.SauerShelah", "1bc66f29f9fd4377"],
  ["Package.id?: (some Project)", "264312e6c45eec93"],
  ["Module.leanArgs: #[]", "00000000000006bb"]],
 "depHash": "5855c915c3ba4119"}